-------------------------------------------------------------------------------
Test set: com.utn.tssi.tp5.Models.ModelsApplicationTests
-------------------------------------------------------------------------------
<<<<<<< HEAD
Tests run: 1, Failures: 0, Errors: 0, Skipped: 0, Time elapsed: 3.503 s - in com.utn.tssi.tp5.Models.ModelsApplicationTests
=======
<<<<<<< HEAD
Tests run: 1, Failures: 0, Errors: 0, Skipped: 0, Time elapsed: 4.093 s - in com.utn.tssi.tp5.Models.ModelsApplicationTests
=======
Tests run: 1, Failures: 0, Errors: 0, Skipped: 0, Time elapsed: 3.503 s - in com.utn.tssi.tp5.Models.ModelsApplicationTests
>>>>>>> 311b2c0941cf3d22be5443db63e3764af889b41b
>>>>>>> 533ee41a8f98fe21a11082b148ad0e10a168bba2
