-------------------------------------------------------------------------------
Test set: com.utn.tssi.tp5.Models.model.StateTest
-------------------------------------------------------------------------------
<<<<<<< HEAD
Tests run: 10, Failures: 0, Errors: 0, Skipped: 0, Time elapsed: 0 sec
=======
<<<<<<< HEAD
Tests run: 10, Failures: 0, Errors: 0, Skipped: 0, Time elapsed: 0.006 sec
=======
Tests run: 10, Failures: 0, Errors: 0, Skipped: 0, Time elapsed: 0 sec
>>>>>>> 311b2c0941cf3d22be5443db63e3764af889b41b
>>>>>>> 533ee41a8f98fe21a11082b148ad0e10a168bba2
